-------------------------------------------------------------------------------
Test set: uk.hybridit.cakemanager.CakemanagerApplicationTests
-------------------------------------------------------------------------------
Tests run: 1, Failures: 0, Errors: 1, Skipped: 0, Time elapsed: 4.504 s <<< FAILURE! - in uk.hybridit.cakemanager.CakemanagerApplicationTests
contextLoads  Time elapsed: 0.038 s  <<< ERROR!
java.lang.IllegalStateException: Failed to load ApplicationContext
Caused by: org.springframework.beans.factory.BeanCreationException: 
Error creating bean with name 'dataSourceScriptDatabaseInitializer' defined in class path resource [org/springframework/boot/autoconfigure/sql/init/DataSourceInitializationConfiguration.class]: Invocation of init method failed; nested exception is org.springframework.jdbc.datasource.init.ScriptStatementFailedException: Failed to execute SQL script statement #1 of URL [file:/Users/chiranjeevirajupennamaraju/workspace/cake/cakemanagerDB/target/classes/data.sql]: insert into cake(id, name, description, imageURL) values(10001, 'Lemon cheesecake', 'A cheesecake made of lemon' ,'https://s3-eu-west-1.amazonaws.com/s3.mediafileserver.co.uk/carnation/WebFiles/RecipeImages/lemoncheesecake_lg.jpg'); nested exception is org.h2.jdbc.JdbcSQLSyntaxErrorException: Table "CAKE" not found; SQL statement:
insert into cake(id, name, description, imageURL) values(10001, 'Lemon cheesecake', 'A cheesecake made of lemon' ,'https://s3-eu-west-1.amazonaws.com/s3.mediafileserver.co.uk/carnation/WebFiles/RecipeImages/lemoncheesecake_lg.jpg') [42102-200]
Caused by: org.springframework.jdbc.datasource.init.ScriptStatementFailedException: 
Failed to execute SQL script statement #1 of URL [file:/Users/chiranjeevirajupennamaraju/workspace/cake/cakemanagerDB/target/classes/data.sql]: insert into cake(id, name, description, imageURL) values(10001, 'Lemon cheesecake', 'A cheesecake made of lemon' ,'https://s3-eu-west-1.amazonaws.com/s3.mediafileserver.co.uk/carnation/WebFiles/RecipeImages/lemoncheesecake_lg.jpg'); nested exception is org.h2.jdbc.JdbcSQLSyntaxErrorException: Table "CAKE" not found; SQL statement:
insert into cake(id, name, description, imageURL) values(10001, 'Lemon cheesecake', 'A cheesecake made of lemon' ,'https://s3-eu-west-1.amazonaws.com/s3.mediafileserver.co.uk/carnation/WebFiles/RecipeImages/lemoncheesecake_lg.jpg') [42102-200]
Caused by: org.h2.jdbc.JdbcSQLSyntaxErrorException: 
Table "CAKE" not found; SQL statement:
insert into cake(id, name, description, imageURL) values(10001, 'Lemon cheesecake', 'A cheesecake made of lemon' ,'https://s3-eu-west-1.amazonaws.com/s3.mediafileserver.co.uk/carnation/WebFiles/RecipeImages/lemoncheesecake_lg.jpg') [42102-200]

